mode: set
Bharadwajshivam28/Test-Coverage/age/months.go:8.48,9.14 1 0
Bharadwajshivam28/Test-Coverage/age/months.go:9.14,11.3 1 0
Bharadwajshivam28/Test-Coverage/age/months.go:13.2,13.29 1 0
Bharadwajshivam28/Test-Coverage/age/months.go:13.29,15.3 1 0
Bharadwajshivam28/Test-Coverage/age/months.go:17.2,18.24 2 0
Bharadwajshivam28/Test-Coverage/age/months.go:18.24,20.3 1 0
Bharadwajshivam28/Test-Coverage/age/months.go:22.2,23.49 2 0
Bharadwajshivam28/Test-Coverage/age/months.go:23.49,25.3 1 0
Bharadwajshivam28/Test-Coverage/age/months.go:27.2,27.58 1 0
Bharadwajshivam28/Test-Coverage/age/years.go:8.40,9.14 1 0
Bharadwajshivam28/Test-Coverage/age/years.go:9.14,11.3 1 0
Bharadwajshivam28/Test-Coverage/age/years.go:13.2,15.24 2 0
Bharadwajshivam28/Test-Coverage/age/years.go:15.24,17.3 1 0
Bharadwajshivam28/Test-Coverage/age/years.go:19.2,19.32 1 0
Bharadwajshivam28/Test-Coverage/size/measurements.go:3.25,4.9 1 1
Bharadwajshivam28/Test-Coverage/size/measurements.go:5.13,6.20 1 1
Bharadwajshivam28/Test-Coverage/size/measurements.go:7.14,8.16 1 0
Bharadwajshivam28/Test-Coverage/size/measurements.go:9.14,10.17 1 1
Bharadwajshivam28/Test-Coverage/size/measurements.go:11.15,12.15 1 0
Bharadwajshivam28/Test-Coverage/size/measurements.go:13.16,14.16 1 0
Bharadwajshivam28/Test-Coverage/size/measurements.go:16.2,16.19 1 0
Bharadwajshivam28/Test-Coverage/calculator/calculator.go:7.29,9.2 1 1
Bharadwajshivam28/Test-Coverage/calculator/calculator.go:11.32,14.2 2 0
Bharadwajshivam28/Test-Coverage/calculator/calculator.go:16.23,17.11 1 0
Bharadwajshivam28/Test-Coverage/calculator/calculator.go:17.11,19.3 1 0
Bharadwajshivam28/Test-Coverage/calculator/calculator.go:21.2,21.10 1 0
