mode: set
Bharadwajshivam28/Test-Coverage/size/measurements.go:3.25,4.9 1 1
Bharadwajshivam28/Test-Coverage/size/measurements.go:5.13,6.20 1 1
Bharadwajshivam28/Test-Coverage/size/measurements.go:7.14,8.16 1 0
Bharadwajshivam28/Test-Coverage/size/measurements.go:9.14,10.17 1 1
Bharadwajshivam28/Test-Coverage/size/measurements.go:11.15,12.15 1 0
Bharadwajshivam28/Test-Coverage/size/measurements.go:13.16,14.16 1 0
Bharadwajshivam28/Test-Coverage/size/measurements.go:16.2,16.19 1 0
Bharadwajshivam28/Test-Coverage/calculator/calculator.go:7.29,9.2 1 1
Bharadwajshivam28/Test-Coverage/calculator/calculator.go:11.32,14.2 2 0
Bharadwajshivam28/Test-Coverage/calculator/calculator.go:16.23,17.11 1 0
Bharadwajshivam28/Test-Coverage/calculator/calculator.go:17.11,19.3 1 0
Bharadwajshivam28/Test-Coverage/calculator/calculator.go:21.2,21.10 1 0
